{
  "RSpec": {
    "coverage": {
      "/Users/nigelsaid/workspace/Makers/02.week2/oystercard/spec/journey_spec.rb": [
        1,
        1,
        null,
        null,
        null,
        null,
        null,
        null,
        null,
        null,
        null,
        null,
        null,
        null,
        7,
        4,
        7,
        null,
        1,
        1,
        null,
        null,
        1,
        1,
        1,
        null,
        null,
        1,
        1,
        1,
        1,
        null,
        null,
        null,
        1,
        1,
        null,
        null,
        null,
        null,
        1,
        1,
        null,
        1,
        1,
        null,
        null,
        null,
        1,
        1,
        1,
        1,
        null,
        null,
        null,
        null,
        null
      ],
      "/Users/nigelsaid/workspace/Makers/02.week2/oystercard/lib/journey.rb": [
        1,
        null,
        1,
        null,
        1,
        1,
        null,
        1,
        15,
        null,
        null,
        1,
        4,
        null,
        null,
        1,
        3,
        null,
        null,
        1,
        5,
        null,
        null,
        null,
        null,
        null,
        null,
        null,
        null,
        null,
        null,
        null,
        null,
        null,
        null
      ],
      "/Users/nigelsaid/workspace/Makers/02.week2/oystercard/spec/oystercard_spec.rb": [
        1,
        1,
        null,
        null,
        1,
        2,
        2,
        null,
        1,
        1,
        null,
        null,
        1,
        1,
        null,
        null,
        1,
        2,
        null,
        null,
        null,
        null,
        1,
        5,
        3,
        3,
        null,
        1,
        4,
        null,
        null,
        1,
        2,
        null,
        null,
        1,
        1,
        1,
        2,
        1,
        4,
        null,
        null,
        1,
        1,
        1,
        1,
        4,
        null,
        null,
        null,
        null,
        null,
        null,
        null,
        null,
        null,
        null
      ],
      "/Users/nigelsaid/workspace/Makers/02.week2/oystercard/lib/oystercard.rb": [
        1,
        1,
        null,
        1,
        1,
        1,
        1,
        null,
        1,
        7,
        7,
        7,
        null,
        null,
        null,
        1,
        6,
        5,
        null,
        null,
        null,
        1,
        2,
        null,
        null,
        1,
        2,
        2,
        1,
        null,
        null,
        null,
        1,
        2,
        2,
        2,
        null,
        null,
        1,
        null,
        1,
        2,
        null,
        null,
        null
      ],
      "/Users/nigelsaid/workspace/Makers/02.week2/oystercard/lib/station.rb": [
        1,
        1,
        null,
        1,
        1,
        1,
        null,
        null,
        null
      ],
      "/Users/nigelsaid/workspace/Makers/02.week2/oystercard/spec/station_spec.rb": [
        1,
        null,
        1,
        1,
        1,
        null,
        1,
        1,
        null,
        null,
        1,
        1,
        null,
        null,
        null
      ]
    },
    "timestamp": 1492707274
  }
}
